{"D:\\work\\javascript-learn\\modules\\dev2plus\\hw_01\\src\\Node\\Node.js": {"path":"D:\\work\\javascript-learn\\modules\\dev2plus\\hw_01\\src\\Node\\Node.js","statementMap":{"0":{"start":{"line":13,"column":4},"end":{"line":13,"column":21}},"1":{"start":{"line":14,"column":4},"end":{"line":14,"column":21}},"2":{"start":{"line":15,"column":4},"end":{"line":15,"column":23}},"3":{"start":{"line":16,"column":4},"end":{"line":16,"column":25}},"4":{"start":{"line":20,"column":4},"end":{"line":22,"column":6}},"5":{"start":{"line":26,"column":0},"end":{"line":26,"column":22}}},"fnMap":{"0":{"name":"(anonymous_0)","decl":{"start":{"line":12,"column":2},"end":{"line":12,"column":3}},"loc":{"start":{"line":12,"column":62},"end":{"line":17,"column":3}},"line":12},"1":{"name":"(anonymous_1)","decl":{"start":{"line":19,"column":2},"end":{"line":19,"column":3}},"loc":{"start":{"line":19,"column":13},"end":{"line":23,"column":3}},"line":19}},"branchMap":{"0":{"loc":{"start":{"line":12,"column":20},"end":{"line":12,"column":31}},"type":"default-arg","locations":[{"start":{"line":12,"column":27},"end":{"line":12,"column":31}}],"line":12},"1":{"loc":{"start":{"line":12,"column":33},"end":{"line":12,"column":45}},"type":"default-arg","locations":[{"start":{"line":12,"column":41},"end":{"line":12,"column":45}}],"line":12},"2":{"loc":{"start":{"line":12,"column":47},"end":{"line":12,"column":60}},"type":"default-arg","locations":[{"start":{"line":12,"column":56},"end":{"line":12,"column":60}}],"line":12}},"s":{"0":22,"1":22,"2":22,"3":22,"4":0,"5":3},"f":{"0":22,"1":0},"b":{"0":[22],"1":[22],"2":[22]},"_coverageSchema":"1a1c01bbd47fc00a2c39e90264f33305004495a9","hash":"8fa6479d6f0f3de2c47bc935a1913370b14d0c71"}
,"D:\\work\\javascript-learn\\modules\\dev2plus\\hw_01\\src\\Tree\\BinaryTree.js": {"path":"D:\\work\\javascript-learn\\modules\\dev2plus\\hw_01\\src\\Tree\\BinaryTree.js","statementMap":{"0":{"start":{"line":1,"column":13},"end":{"line":1,"column":36}},"1":{"start":{"line":2,"column":17},"end":{"line":2,"column":34}},"2":{"start":{"line":12,"column":4},"end":{"line":12,"column":12}},"3":{"start":{"line":13,"column":4},"end":{"line":13,"column":20}},"4":{"start":{"line":17,"column":4},"end":{"line":17,"column":38}},"5":{"start":{"line":18,"column":4},"end":{"line":18,"column":39}},"6":{"start":{"line":22,"column":4},"end":{"line":29,"column":5}},"7":{"start":{"line":23,"column":6},"end":{"line":28,"column":7}},"8":{"start":{"line":24,"column":8},"end":{"line":24,"column":51}},"9":{"start":{"line":25,"column":8},"end":{"line":25,"column":52}},"10":{"start":{"line":27,"column":8},"end":{"line":27,"column":52}},"11":{"start":{"line":30,"column":4},"end":{"line":37,"column":5}},"12":{"start":{"line":31,"column":6},"end":{"line":36,"column":7}},"13":{"start":{"line":32,"column":8},"end":{"line":32,"column":53}},"14":{"start":{"line":33,"column":8},"end":{"line":33,"column":54}},"15":{"start":{"line":35,"column":8},"end":{"line":35,"column":54}},"16":{"start":{"line":41,"column":19},"end":{"line":41,"column":21}},"17":{"start":{"line":42,"column":17},"end":{"line":42,"column":27}},"18":{"start":{"line":43,"column":21},"end":{"line":47,"column":5}},"19":{"start":{"line":44,"column":6},"end":{"line":44,"column":39}},"20":{"start":{"line":45,"column":6},"end":{"line":45,"column":29}},"21":{"start":{"line":46,"column":6},"end":{"line":46,"column":41}},"22":{"start":{"line":48,"column":4},"end":{"line":48,"column":19}},"23":{"start":{"line":49,"column":4},"end":{"line":49,"column":18}},"24":{"start":{"line":53,"column":19},"end":{"line":53,"column":21}},"25":{"start":{"line":54,"column":17},"end":{"line":54,"column":27}},"26":{"start":{"line":55,"column":21},"end":{"line":59,"column":5}},"27":{"start":{"line":56,"column":6},"end":{"line":56,"column":39}},"28":{"start":{"line":57,"column":6},"end":{"line":57,"column":41}},"29":{"start":{"line":58,"column":6},"end":{"line":58,"column":29}},"30":{"start":{"line":60,"column":4},"end":{"line":60,"column":19}},"31":{"start":{"line":61,"column":4},"end":{"line":61,"column":18}},"32":{"start":{"line":65,"column":19},"end":{"line":65,"column":21}},"33":{"start":{"line":66,"column":17},"end":{"line":66,"column":27}},"34":{"start":{"line":67,"column":21},"end":{"line":71,"column":5}},"35":{"start":{"line":68,"column":6},"end":{"line":68,"column":29}},"36":{"start":{"line":69,"column":6},"end":{"line":69,"column":39}},"37":{"start":{"line":70,"column":6},"end":{"line":70,"column":41}},"38":{"start":{"line":72,"column":4},"end":{"line":72,"column":19}},"39":{"start":{"line":73,"column":4},"end":{"line":73,"column":18}},"40":{"start":{"line":77,"column":4},"end":{"line":77,"column":64}},"41":{"start":{"line":77,"column":43},"end":{"line":77,"column":62}},"42":{"start":{"line":81,"column":21},"end":{"line":83,"column":1}},"43":{"start":{"line":82,"column":2},"end":{"line":82,"column":29}},"44":{"start":{"line":85,"column":19},"end":{"line":87,"column":1}},"45":{"start":{"line":86,"column":2},"end":{"line":86,"column":38}},"46":{"start":{"line":94,"column":0},"end":{"line":98,"column":2}}},"fnMap":{"0":{"name":"(anonymous_0)","decl":{"start":{"line":11,"column":2},"end":{"line":11,"column":3}},"loc":{"start":{"line":11,"column":19},"end":{"line":14,"column":3}},"line":11},"1":{"name":"(anonymous_1)","decl":{"start":{"line":16,"column":2},"end":{"line":16,"column":3}},"loc":{"start":{"line":16,"column":15},"end":{"line":19,"column":3}},"line":16},"2":{"name":"(anonymous_2)","decl":{"start":{"line":21,"column":2},"end":{"line":21,"column":3}},"loc":{"start":{"line":21,"column":26},"end":{"line":38,"column":3}},"line":21},"3":{"name":"(anonymous_3)","decl":{"start":{"line":40,"column":2},"end":{"line":40,"column":3}},"loc":{"start":{"line":40,"column":12},"end":{"line":50,"column":3}},"line":40},"4":{"name":"(anonymous_4)","decl":{"start":{"line":43,"column":21},"end":{"line":43,"column":22}},"loc":{"start":{"line":43,"column":31},"end":{"line":47,"column":5}},"line":43},"5":{"name":"(anonymous_5)","decl":{"start":{"line":52,"column":2},"end":{"line":52,"column":3}},"loc":{"start":{"line":52,"column":14},"end":{"line":62,"column":3}},"line":52},"6":{"name":"(anonymous_6)","decl":{"start":{"line":55,"column":21},"end":{"line":55,"column":22}},"loc":{"start":{"line":55,"column":37},"end":{"line":59,"column":5}},"line":55},"7":{"name":"(anonymous_7)","decl":{"start":{"line":64,"column":2},"end":{"line":64,"column":3}},"loc":{"start":{"line":64,"column":13},"end":{"line":74,"column":3}},"line":64},"8":{"name":"(anonymous_8)","decl":{"start":{"line":67,"column":21},"end":{"line":67,"column":22}},"loc":{"start":{"line":67,"column":37},"end":{"line":71,"column":5}},"line":67},"9":{"name":"(anonymous_9)","decl":{"start":{"line":76,"column":2},"end":{"line":76,"column":3}},"loc":{"start":{"line":76,"column":24},"end":{"line":78,"column":3}},"line":76},"10":{"name":"(anonymous_10)","decl":{"start":{"line":77,"column":33},"end":{"line":77,"column":34}},"loc":{"start":{"line":77,"column":43},"end":{"line":77,"column":62}},"line":77},"11":{"name":"(anonymous_11)","decl":{"start":{"line":81,"column":21},"end":{"line":81,"column":22}},"loc":{"start":{"line":81,"column":31},"end":{"line":83,"column":1}},"line":81},"12":{"name":"(anonymous_12)","decl":{"start":{"line":85,"column":19},"end":{"line":85,"column":20}},"loc":{"start":{"line":85,"column":29},"end":{"line":87,"column":1}},"line":85}},"branchMap":{"0":{"loc":{"start":{"line":22,"column":4},"end":{"line":29,"column":5}},"type":"if","locations":[{"start":{"line":22,"column":4},"end":{"line":29,"column":5}},{"start":{"line":22,"column":4},"end":{"line":29,"column":5}}],"line":22},"1":{"loc":{"start":{"line":23,"column":6},"end":{"line":28,"column":7}},"type":"if","locations":[{"start":{"line":23,"column":6},"end":{"line":28,"column":7}},{"start":{"line":23,"column":6},"end":{"line":28,"column":7}}],"line":23},"2":{"loc":{"start":{"line":30,"column":4},"end":{"line":37,"column":5}},"type":"if","locations":[{"start":{"line":30,"column":4},"end":{"line":37,"column":5}},{"start":{"line":30,"column":4},"end":{"line":37,"column":5}}],"line":30},"3":{"loc":{"start":{"line":31,"column":6},"end":{"line":36,"column":7}},"type":"if","locations":[{"start":{"line":31,"column":6},"end":{"line":36,"column":7}},{"start":{"line":31,"column":6},"end":{"line":36,"column":7}}],"line":31},"4":{"loc":{"start":{"line":44,"column":6},"end":{"line":44,"column":38}},"type":"binary-expr","locations":[{"start":{"line":44,"column":6},"end":{"line":44,"column":15}},{"start":{"line":44,"column":19},"end":{"line":44,"column":38}}],"line":44},"5":{"loc":{"start":{"line":46,"column":6},"end":{"line":46,"column":40}},"type":"binary-expr","locations":[{"start":{"line":46,"column":6},"end":{"line":46,"column":16}},{"start":{"line":46,"column":20},"end":{"line":46,"column":40}}],"line":46},"6":{"loc":{"start":{"line":56,"column":6},"end":{"line":56,"column":38}},"type":"binary-expr","locations":[{"start":{"line":56,"column":6},"end":{"line":56,"column":15}},{"start":{"line":56,"column":19},"end":{"line":56,"column":38}}],"line":56},"7":{"loc":{"start":{"line":57,"column":6},"end":{"line":57,"column":40}},"type":"binary-expr","locations":[{"start":{"line":57,"column":6},"end":{"line":57,"column":16}},{"start":{"line":57,"column":20},"end":{"line":57,"column":40}}],"line":57},"8":{"loc":{"start":{"line":69,"column":6},"end":{"line":69,"column":38}},"type":"binary-expr","locations":[{"start":{"line":69,"column":6},"end":{"line":69,"column":15}},{"start":{"line":69,"column":19},"end":{"line":69,"column":38}}],"line":69},"9":{"loc":{"start":{"line":70,"column":6},"end":{"line":70,"column":40}},"type":"binary-expr","locations":[{"start":{"line":70,"column":6},"end":{"line":70,"column":16}},{"start":{"line":70,"column":20},"end":{"line":70,"column":40}}],"line":70}},"s":{"0":1,"1":1,"2":9,"3":9,"4":5,"5":5,"6":20,"7":10,"8":10,"9":10,"10":0,"11":20,"12":5,"13":5,"14":5,"15":0,"16":3,"17":3,"18":3,"19":12,"20":12,"21":12,"22":3,"23":3,"24":1,"25":1,"26":1,"27":4,"28":4,"29":4,"30":1,"31":1,"32":1,"33":1,"34":1,"35":4,"36":4,"37":4,"38":1,"39":1,"40":2,"41":8,"42":1,"43":0,"44":1,"45":0,"46":1},"f":{"0":9,"1":5,"2":20,"3":3,"4":12,"5":1,"6":4,"7":1,"8":4,"9":2,"10":8,"11":0,"12":0},"b":{"0":[10,10],"1":[10,0],"2":[5,15],"3":[5,0],"4":[12,6],"5":[12,3],"6":[4,2],"7":[4,1],"8":[4,2],"9":[4,1]},"_coverageSchema":"1a1c01bbd47fc00a2c39e90264f33305004495a9","hash":"f4dbe03f019aa2044eb5b4cd443a2fc32bcb012f"}
,"D:\\work\\javascript-learn\\modules\\dev2plus\\hw_01\\src\\Tree\\Tree.js": {"path":"D:\\work\\javascript-learn\\modules\\dev2plus\\hw_01\\src\\Tree\\Tree.js","statementMap":{"0":{"start":{"line":1,"column":13},"end":{"line":1,"column":36}},"1":{"start":{"line":5,"column":4},"end":{"line":5,"column":22}},"2":{"start":{"line":6,"column":4},"end":{"line":6,"column":22}},"3":{"start":{"line":10,"column":4},"end":{"line":10,"column":22}},"4":{"start":{"line":14,"column":0},"end":{"line":16,"column":2}}},"fnMap":{"0":{"name":"(anonymous_0)","decl":{"start":{"line":4,"column":2},"end":{"line":4,"column":3}},"loc":{"start":{"line":4,"column":25},"end":{"line":7,"column":3}},"line":4},"1":{"name":"(anonymous_1)","decl":{"start":{"line":9,"column":2},"end":{"line":9,"column":3}},"loc":{"start":{"line":9,"column":12},"end":{"line":11,"column":3}},"line":9}},"branchMap":{"0":{"loc":{"start":{"line":4,"column":14},"end":{"line":4,"column":23}},"type":"default-arg","locations":[{"start":{"line":4,"column":21},"end":{"line":4,"column":23}}],"line":4}},"s":{"0":2,"1":11,"2":11,"3":1,"4":2},"f":{"0":11,"1":1},"b":{"0":[11]},"_coverageSchema":"1a1c01bbd47fc00a2c39e90264f33305004495a9","hash":"a397e1bde5737bd1c0e1e061a412b5fa51bcea4e"}
,"D:\\work\\javascript-learn\\modules\\dev2plus\\hw_01\\src\\assets\\dataSet.js": {"path":"D:\\work\\javascript-learn\\modules\\dev2plus\\hw_01\\src\\assets\\dataSet.js","statementMap":{"0":{"start":{"line":1,"column":16},"end":{"line":80,"column":1}},"1":{"start":{"line":82,"column":0},"end":{"line":82,"column":25}}},"fnMap":{},"branchMap":{},"s":{"0":1,"1":1},"f":{},"b":{},"_coverageSchema":"1a1c01bbd47fc00a2c39e90264f33305004495a9","hash":"78043cee74ed55a1b0e621914e3e15f7004a4c28"}
}
