TN:
SF:src\Node\BinaryNode.js
FNF:0
FNH:0
DA:1,2
DA:15,2
LF:2
LH:2
BRF:0
BRH:0
end_of_record
TN:
SF:src\Node\Node.js
FN:12,(anonymous_0)
FN:19,(anonymous_1)
FNF:2
FNH:1
FNDA:23,(anonymous_0)
FNDA:0,(anonymous_1)
DA:13,23
DA:14,23
DA:15,23
DA:16,23
DA:20,0
DA:26,4
LF:6
LH:5
BRDA:12,0,0,23
BRDA:12,1,0,23
BRDA:12,2,0,23
BRF:3
BRH:3
end_of_record
TN:
SF:src\Tree\BinaryTree.js
FN:11,(anonymous_0)
FN:16,(anonymous_1)
FN:21,(anonymous_2)
FN:40,(anonymous_3)
FN:43,(anonymous_4)
FN:52,(anonymous_5)
FN:55,(anonymous_6)
FN:64,(anonymous_7)
FN:67,(anonymous_8)
FN:76,(anonymous_9)
FN:77,(anonymous_10)
FN:81,(anonymous_11)
FN:85,(anonymous_12)
FNF:13
FNH:11
FNDA:9,(anonymous_0)
FNDA:5,(anonymous_1)
FNDA:20,(anonymous_2)
FNDA:3,(anonymous_3)
FNDA:12,(anonymous_4)
FNDA:1,(anonymous_5)
FNDA:4,(anonymous_6)
FNDA:1,(anonymous_7)
FNDA:4,(anonymous_8)
FNDA:2,(anonymous_9)
FNDA:8,(anonymous_10)
FNDA:0,(anonymous_11)
FNDA:0,(anonymous_12)
DA:1,1
DA:2,1
DA:12,9
DA:13,9
DA:17,5
DA:18,5
DA:22,20
DA:23,10
DA:24,10
DA:25,10
DA:27,0
DA:30,20
DA:31,5
DA:32,5
DA:33,5
DA:35,0
DA:41,3
DA:42,3
DA:43,3
DA:44,12
DA:45,12
DA:46,12
DA:48,3
DA:49,3
DA:53,1
DA:54,1
DA:55,1
DA:56,4
DA:57,4
DA:58,4
DA:60,1
DA:61,1
DA:65,1
DA:66,1
DA:67,1
DA:68,4
DA:69,4
DA:70,4
DA:72,1
DA:73,1
DA:77,8
DA:81,1
DA:82,0
DA:85,1
DA:86,0
DA:94,1
LF:46
LH:42
BRDA:22,0,0,10
BRDA:22,0,1,10
BRDA:23,1,0,10
BRDA:23,1,1,0
BRDA:30,2,0,5
BRDA:30,2,1,15
BRDA:31,3,0,5
BRDA:31,3,1,0
BRDA:44,4,0,12
BRDA:44,4,1,6
BRDA:46,5,0,12
BRDA:46,5,1,3
BRDA:56,6,0,4
BRDA:56,6,1,2
BRDA:57,7,0,4
BRDA:57,7,1,1
BRDA:69,8,0,4
BRDA:69,8,1,2
BRDA:70,9,0,4
BRDA:70,9,1,1
BRF:20
BRH:18
end_of_record
TN:
SF:src\Tree\Tree.js
FN:4,(anonymous_0)
FN:9,(anonymous_1)
FNF:2
FNH:2
FNDA:11,(anonymous_0)
FNDA:1,(anonymous_1)
DA:1,3
DA:5,11
DA:6,11
DA:10,1
DA:14,3
LF:5
LH:5
BRDA:4,0,0,11
BRF:1
BRH:1
end_of_record
TN:
SF:src\assets\dataSet.js
FNF:0
FNH:0
DA:1,2
DA:82,2
LF:2
LH:2
BRF:0
BRH:0
end_of_record
